<?xml version="1.0" encoding="UTF-8"?>
<testsuite xmlns:xsi="http://www.w3.org/2001/XMLSchema-instance" xsi:noNamespaceSchemaLocation="https://maven.apache.org/surefire/maven-surefire-plugin/xsd/surefire-test-report.xsd" name="com.xxkj.swaggerdemo.SwaggerDemoApplicationTests" time="0.004" tests="3" errors="3" skipped="0" failures="0">
  <properties>
    <property name="sun.desktop" value="windows"/>
    <property name="awt.toolkit" value="sun.awt.windows.WToolkit"/>
    <property name="file.encoding.pkg" value="sun.io"/>
    <property name="java.specification.version" value="1.8"/>
    <property name="sun.cpu.isalist" value="amd64"/>
    <property name="sun.jnu.encoding" value="GBK"/>
    <property name="java.class.path" value="D:\code\myzone\myzone\swagger-demo\target\test-classes;D:\code\myzone\myzone\swagger-demo\target\classes;D:\ev\apache-maven-3.6.1\repository\mysql\mysql-connector-java\8.0.20\mysql-connector-java-8.0.20.jar;D:\ev\apache-maven-3.6.1\repository\com\baomidou\mybatis-plus-boot-starter\3.3.1\mybatis-plus-boot-starter-3.3.1.jar;D:\ev\apache-maven-3.6.1\repository\com\baomidou\mybatis-plus\3.3.1\mybatis-plus-3.3.1.jar;D:\ev\apache-maven-3.6.1\repository\org\springframework\boot\spring-boot-autoconfigure\2.1.8.RELEASE\spring-boot-autoconfigure-2.1.8.RELEASE.jar;D:\ev\apache-maven-3.6.1\repository\org\springframework\boot\spring-boot\2.1.8.RELEASE\spring-boot-2.1.8.RELEASE.jar;D:\ev\apache-maven-3.6.1\repository\org\springframework\boot\spring-boot-starter-jdbc\2.1.8.RELEASE\spring-boot-starter-jdbc-2.1.8.RELEASE.jar;D:\ev\apache-maven-3.6.1\repository\com\zaxxer\HikariCP\3.2.0\HikariCP-3.2.0.jar;D:\ev\apache-maven-3.6.1\repository\org\springframework\spring-jdbc\5.1.9.RELEASE\spring-jdbc-5.1.9.RELEASE.jar;D:\ev\apache-maven-3.6.1\repository\org\springframework\spring-tx\5.1.9.RELEASE\spring-tx-5.1.9.RELEASE.jar;D:\ev\apache-maven-3.6.1\repository\com\baomidou\mybatis-plus-generator\3.3.1\mybatis-plus-generator-3.3.1.jar;D:\ev\apache-maven-3.6.1\repository\com\baomidou\mybatis-plus-extension\3.3.1\mybatis-plus-extension-3.3.1.jar;D:\ev\apache-maven-3.6.1\repository\com\baomidou\mybatis-plus-core\3.3.1\mybatis-plus-core-3.3.1.jar;D:\ev\apache-maven-3.6.1\repository\com\baomidou\mybatis-plus-annotation\3.3.1\mybatis-plus-annotation-3.3.1.jar;D:\ev\apache-maven-3.6.1\repository\com\github\jsqlparser\jsqlparser\3.1\jsqlparser-3.1.jar;D:\ev\apache-maven-3.6.1\repository\org\mybatis\mybatis\3.5.3\mybatis-3.5.3.jar;D:\ev\apache-maven-3.6.1\repository\org\mybatis\mybatis-spring\2.0.3\mybatis-spring-2.0.3.jar;D:\ev\apache-maven-3.6.1\repository\org\projectlombok\lombok\1.18.8\lombok-1.18.8.jar;D:\ev\apache-maven-3.6.1\repository\org\springframework\boot\spring-boot-starter-test\2.1.8.RELEASE\spring-boot-starter-test-2.1.8.RELEASE.jar;D:\ev\apache-maven-3.6.1\repository\org\springframework\boot\spring-boot-starter\2.1.8.RELEASE\spring-boot-starter-2.1.8.RELEASE.jar;D:\ev\apache-maven-3.6.1\repository\org\springframework\boot\spring-boot-starter-logging\2.1.8.RELEASE\spring-boot-starter-logging-2.1.8.RELEASE.jar;D:\ev\apache-maven-3.6.1\repository\ch\qos\logback\logback-classic\1.2.3\logback-classic-1.2.3.jar;D:\ev\apache-maven-3.6.1\repository\ch\qos\logback\logback-core\1.2.3\logback-core-1.2.3.jar;D:\ev\apache-maven-3.6.1\repository\org\apache\logging\log4j\log4j-to-slf4j\2.11.2\log4j-to-slf4j-2.11.2.jar;D:\ev\apache-maven-3.6.1\repository\org\apache\logging\log4j\log4j-api\2.11.2\log4j-api-2.11.2.jar;D:\ev\apache-maven-3.6.1\repository\org\slf4j\jul-to-slf4j\1.7.28\jul-to-slf4j-1.7.28.jar;D:\ev\apache-maven-3.6.1\repository\javax\annotation\javax.annotation-api\1.3.2\javax.annotation-api-1.3.2.jar;D:\ev\apache-maven-3.6.1\repository\org\yaml\snakeyaml\1.23\snakeyaml-1.23.jar;D:\ev\apache-maven-3.6.1\repository\org\springframework\boot\spring-boot-test\2.1.8.RELEASE\spring-boot-test-2.1.8.RELEASE.jar;D:\ev\apache-maven-3.6.1\repository\org\springframework\boot\spring-boot-test-autoconfigure\2.1.8.RELEASE\spring-boot-test-autoconfigure-2.1.8.RELEASE.jar;D:\ev\apache-maven-3.6.1\repository\com\jayway\jsonpath\json-path\2.4.0\json-path-2.4.0.jar;D:\ev\apache-maven-3.6.1\repository\net\minidev\json-smart\2.3\json-smart-2.3.jar;D:\ev\apache-maven-3.6.1\repository\net\minidev\accessors-smart\1.2\accessors-smart-1.2.jar;D:\ev\apache-maven-3.6.1\repository\org\ow2\asm\asm\5.0.4\asm-5.0.4.jar;D:\ev\apache-maven-3.6.1\repository\junit\junit\4.12\junit-4.12.jar;D:\ev\apache-maven-3.6.1\repository\org\assertj\assertj-core\3.11.1\assertj-core-3.11.1.jar;D:\ev\apache-maven-3.6.1\repository\org\mockito\mockito-core\2.23.4\mockito-core-2.23.4.jar;D:\ev\apache-maven-3.6.1\repository\net\bytebuddy\byte-buddy\1.9.16\byte-buddy-1.9.16.jar;D:\ev\apache-maven-3.6.1\repository\net\bytebuddy\byte-buddy-agent\1.9.16\byte-buddy-agent-1.9.16.jar;D:\ev\apache-maven-3.6.1\repository\org\objenesis\objenesis\2.6\objenesis-2.6.jar;D:\ev\apache-maven-3.6.1\repository\org\hamcrest\hamcrest-core\1.3\hamcrest-core-1.3.jar;D:\ev\apache-maven-3.6.1\repository\org\hamcrest\hamcrest-library\1.3\hamcrest-library-1.3.jar;D:\ev\apache-maven-3.6.1\repository\org\skyscreamer\jsonassert\1.5.0\jsonassert-1.5.0.jar;D:\ev\apache-maven-3.6.1\repository\com\vaadin\external\google\android-json\0.0.20131108.vaadin1\android-json-0.0.20131108.vaadin1.jar;D:\ev\apache-maven-3.6.1\repository\org\springframework\spring-core\5.1.9.RELEASE\spring-core-5.1.9.RELEASE.jar;D:\ev\apache-maven-3.6.1\repository\org\springframework\spring-jcl\5.1.9.RELEASE\spring-jcl-5.1.9.RELEASE.jar;D:\ev\apache-maven-3.6.1\repository\org\springframework\spring-test\5.1.9.RELEASE\spring-test-5.1.9.RELEASE.jar;D:\ev\apache-maven-3.6.1\repository\org\xmlunit\xmlunit-core\2.6.3\xmlunit-core-2.6.3.jar;D:\ev\apache-maven-3.6.1\repository\org\springframework\boot\spring-boot-starter-web\2.1.8.RELEASE\spring-boot-starter-web-2.1.8.RELEASE.jar;D:\ev\apache-maven-3.6.1\repository\org\springframework\boot\spring-boot-starter-json\2.1.8.RELEASE\spring-boot-starter-json-2.1.8.RELEASE.jar;D:\ev\apache-maven-3.6.1\repository\com\fasterxml\jackson\core\jackson-databind\2.9.9.3\jackson-databind-2.9.9.3.jar;D:\ev\apache-maven-3.6.1\repository\com\fasterxml\jackson\core\jackson-core\2.9.9\jackson-core-2.9.9.jar;D:\ev\apache-maven-3.6.1\repository\com\fasterxml\jackson\datatype\jackson-datatype-jdk8\2.9.9\jackson-datatype-jdk8-2.9.9.jar;D:\ev\apache-maven-3.6.1\repository\com\fasterxml\jackson\datatype\jackson-datatype-jsr310\2.9.9\jackson-datatype-jsr310-2.9.9.jar;D:\ev\apache-maven-3.6.1\repository\com\fasterxml\jackson\module\jackson-module-parameter-names\2.9.9\jackson-module-parameter-names-2.9.9.jar;D:\ev\apache-maven-3.6.1\repository\org\springframework\boot\spring-boot-starter-tomcat\2.1.8.RELEASE\spring-boot-starter-tomcat-2.1.8.RELEASE.jar;D:\ev\apache-maven-3.6.1\repository\org\apache\tomcat\embed\tomcat-embed-core\9.0.24\tomcat-embed-core-9.0.24.jar;D:\ev\apache-maven-3.6.1\repository\org\apache\tomcat\embed\tomcat-embed-el\9.0.24\tomcat-embed-el-9.0.24.jar;D:\ev\apache-maven-3.6.1\repository\org\apache\tomcat\embed\tomcat-embed-websocket\9.0.24\tomcat-embed-websocket-9.0.24.jar;D:\ev\apache-maven-3.6.1\repository\org\hibernate\validator\hibernate-validator\6.0.17.Final\hibernate-validator-6.0.17.Final.jar;D:\ev\apache-maven-3.6.1\repository\javax\validation\validation-api\2.0.1.Final\validation-api-2.0.1.Final.jar;D:\ev\apache-maven-3.6.1\repository\org\jboss\logging\jboss-logging\3.3.3.Final\jboss-logging-3.3.3.Final.jar;D:\ev\apache-maven-3.6.1\repository\org\springframework\spring-web\5.1.9.RELEASE\spring-web-5.1.9.RELEASE.jar;D:\ev\apache-maven-3.6.1\repository\org\springframework\spring-beans\5.1.9.RELEASE\spring-beans-5.1.9.RELEASE.jar;D:\ev\apache-maven-3.6.1\repository\org\springframework\spring-webmvc\5.1.9.RELEASE\spring-webmvc-5.1.9.RELEASE.jar;D:\ev\apache-maven-3.6.1\repository\org\springframework\spring-aop\5.1.9.RELEASE\spring-aop-5.1.9.RELEASE.jar;D:\ev\apache-maven-3.6.1\repository\org\springframework\spring-context\5.1.9.RELEASE\spring-context-5.1.9.RELEASE.jar;D:\ev\apache-maven-3.6.1\repository\org\springframework\spring-expression\5.1.9.RELEASE\spring-expression-5.1.9.RELEASE.jar;D:\ev\apache-maven-3.6.1\repository\io\springfox\springfox-swagger2\2.7.0\springfox-swagger2-2.7.0.jar;D:\ev\apache-maven-3.6.1\repository\io\swagger\swagger-annotations\1.5.13\swagger-annotations-1.5.13.jar;D:\ev\apache-maven-3.6.1\repository\io\swagger\swagger-models\1.5.13\swagger-models-1.5.13.jar;D:\ev\apache-maven-3.6.1\repository\com\fasterxml\jackson\core\jackson-annotations\2.9.0\jackson-annotations-2.9.0.jar;D:\ev\apache-maven-3.6.1\repository\io\springfox\springfox-spi\2.7.0\springfox-spi-2.7.0.jar;D:\ev\apache-maven-3.6.1\repository\io\springfox\springfox-core\2.7.0\springfox-core-2.7.0.jar;D:\ev\apache-maven-3.6.1\repository\io\springfox\springfox-schema\2.7.0\springfox-schema-2.7.0.jar;D:\ev\apache-maven-3.6.1\repository\io\springfox\springfox-swagger-common\2.7.0\springfox-swagger-common-2.7.0.jar;D:\ev\apache-maven-3.6.1\repository\io\springfox\springfox-spring-web\2.7.0\springfox-spring-web-2.7.0.jar;D:\ev\apache-maven-3.6.1\repository\org\reflections\reflections\0.9.11\reflections-0.9.11.jar;D:\ev\apache-maven-3.6.1\repository\org\javassist\javassist\3.21.0-GA\javassist-3.21.0-GA.jar;D:\ev\apache-maven-3.6.1\repository\com\google\guava\guava\18.0\guava-18.0.jar;D:\ev\apache-maven-3.6.1\repository\com\fasterxml\classmate\1.4.0\classmate-1.4.0.jar;D:\ev\apache-maven-3.6.1\repository\org\slf4j\slf4j-api\1.7.28\slf4j-api-1.7.28.jar;D:\ev\apache-maven-3.6.1\repository\org\springframework\plugin\spring-plugin-core\1.2.0.RELEASE\spring-plugin-core-1.2.0.RELEASE.jar;D:\ev\apache-maven-3.6.1\repository\org\springframework\plugin\spring-plugin-metadata\1.2.0.RELEASE\spring-plugin-metadata-1.2.0.RELEASE.jar;D:\ev\apache-maven-3.6.1\repository\org\mapstruct\mapstruct\1.1.0.Final\mapstruct-1.1.0.Final.jar;D:\ev\apache-maven-3.6.1\repository\io\springfox\springfox-swagger-ui\2.7.0\springfox-swagger-ui-2.7.0.jar;D:\ev\apache-maven-3.6.1\repository\org\freemarker\freemarker\2.3.28\freemarker-2.3.28.jar;D:\ev\apache-maven-3.6.1\repository\jakarta\validation\jakarta.validation-api\2.0.2\jakarta.validation-api-2.0.2.jar;D:\ev\apache-maven-3.6.1\repository\io\github\swagger2markup\swagger2markup\1.3.1\swagger2markup-1.3.1.jar;D:\ev\apache-maven-3.6.1\repository\io\github\swagger2markup\markup-document-builder\1.1.1\markup-document-builder-1.1.1.jar;D:\ev\apache-maven-3.6.1\repository\org\apache\commons\commons-lang3\3.8.1\commons-lang3-3.8.1.jar;D:\ev\apache-maven-3.6.1\repository\commons-io\commons-io\2.4\commons-io-2.4.jar;D:\ev\apache-maven-3.6.1\repository\commons-codec\commons-codec\1.11\commons-codec-1.11.jar;D:\ev\apache-maven-3.6.1\repository\nl\jworks\markdown_to_asciidoc\markdown_to_asciidoc\1.0\markdown_to_asciidoc-1.0.jar;D:\ev\apache-maven-3.6.1\repository\org\pegdown\pegdown\1.4.2\pegdown-1.4.2.jar;D:\ev\apache-maven-3.6.1\repository\org\parboiled\parboiled-java\1.1.6\parboiled-java-1.1.6.jar;D:\ev\apache-maven-3.6.1\repository\org\parboiled\parboiled-core\1.1.6\parboiled-core-1.1.6.jar;D:\ev\apache-maven-3.6.1\repository\org\ow2\asm\asm-tree\4.1\asm-tree-4.1.jar;D:\ev\apache-maven-3.6.1\repository\org\ow2\asm\asm-analysis\4.1\asm-analysis-4.1.jar;D:\ev\apache-maven-3.6.1\repository\org\ow2\asm\asm-util\4.1\asm-util-4.1.jar;D:\ev\apache-maven-3.6.1\repository\org\jsoup\jsoup\1.8.1\jsoup-1.8.1.jar;D:\ev\apache-maven-3.6.1\repository\io\swagger\swagger-compat-spec-parser\1.0.25\swagger-compat-spec-parser-1.0.25.jar;D:\ev\apache-maven-3.6.1\repository\io\swagger\swagger-core\1.5.12\swagger-core-1.5.12.jar;D:\ev\apache-maven-3.6.1\repository\com\fasterxml\jackson\dataformat\jackson-dataformat-yaml\2.9.9\jackson-dataformat-yaml-2.9.9.jar;D:\ev\apache-maven-3.6.1\repository\io\swagger\swagger-parser\1.0.25\swagger-parser-1.0.25.jar;D:\ev\apache-maven-3.6.1\repository\org\slf4j\slf4j-ext\1.7.28\slf4j-ext-1.7.28.jar;D:\ev\apache-maven-3.6.1\repository\com\github\fge\json-schema-validator\2.2.3\json-schema-validator-2.2.3.jar;D:\ev\apache-maven-3.6.1\repository\joda-time\joda-time\2.10.3\joda-time-2.10.3.jar;D:\ev\apache-maven-3.6.1\repository\com\github\fge\json-schema-core\1.2.1\json-schema-core-1.2.1.jar;D:\ev\apache-maven-3.6.1\repository\com\github\fge\uri-template\0.9\uri-template-0.9.jar;D:\ev\apache-maven-3.6.1\repository\org\mozilla\rhino\1.7R4\rhino-1.7R4.jar;D:\ev\apache-maven-3.6.1\repository\com\googlecode\libphonenumber\libphonenumber\6.0\libphonenumber-6.0.jar;D:\ev\apache-maven-3.6.1\repository\javax\mail\mailapi\1.4.3\mailapi-1.4.3.jar;D:\ev\apache-maven-3.6.1\repository\javax\activation\activation\1.1\activation-1.1.jar;D:\ev\apache-maven-3.6.1\repository\com\google\code\findbugs\jsr305\2.0.1\jsr305-2.0.1.jar;D:\ev\apache-maven-3.6.1\repository\net\sf\jopt-simple\jopt-simple\4.6\jopt-simple-4.6.jar;D:\ev\apache-maven-3.6.1\repository\com\github\fge\json-patch\1.6\json-patch-1.6.jar;D:\ev\apache-maven-3.6.1\repository\com\github\fge\jackson-coreutils\1.6\jackson-coreutils-1.6.jar;D:\ev\apache-maven-3.6.1\repository\com\github\fge\msg-simple\1.1\msg-simple-1.1.jar;D:\ev\apache-maven-3.6.1\repository\com\github\fge\btf\1.2\btf-1.2.jar;D:\ev\apache-maven-3.6.1\repository\org\apache\httpcomponents\httpclient\4.5.9\httpclient-4.5.9.jar;D:\ev\apache-maven-3.6.1\repository\org\apache\httpcomponents\httpcore\4.4.12\httpcore-4.4.12.jar;D:\ev\apache-maven-3.6.1\repository\org\apache\commons\commons-configuration2\2.1\commons-configuration2-2.1.jar;D:\ev\apache-maven-3.6.1\repository\commons-logging\commons-logging\1.2\commons-logging-1.2.jar;D:\ev\apache-maven-3.6.1\repository\commons-beanutils\commons-beanutils\1.9.2\commons-beanutils-1.9.2.jar;D:\ev\apache-maven-3.6.1\repository\commons-collections\commons-collections\3.2.1\commons-collections-3.2.1.jar;D:\ev\apache-maven-3.6.1\repository\org\apache\commons\commons-collections4\4.1\commons-collections4-4.1.jar;D:\ev\apache-maven-3.6.1\repository\io\javaslang\javaslang\2.0.5\javaslang-2.0.5.jar;D:\ev\apache-maven-3.6.1\repository\io\javaslang\javaslang-match\2.0.5\javaslang-match-2.0.5.jar;D:\ev\apache-maven-3.6.1\repository\ch\netzwerg\paleo-core\0.10.2\paleo-core-0.10.2.jar;"/>
    <property name="java.vm.vendor" value="Oracle Corporation"/>
    <property name="sun.arch.data.model" value="64"/>
    <property name="user.variant" value=""/>
    <property name="java.vendor.url" value="http://java.oracle.com/"/>
    <property name="user.timezone" value="Asia/Shanghai"/>
    <property name="java.vm.specification.version" value="1.8"/>
    <property name="os.name" value="Windows 10"/>
    <property name="user.country" value="CN"/>
    <property name="sun.java.launcher" value="SUN_STANDARD"/>
    <property name="sun.boot.library.path" value="D:\ev\Java\jdk1.8.0_91\jre\bin"/>
    <property name="sun.java.command" value="C:\Users\MI\AppData\Local\Temp\surefire6161986490189656257\surefirebooter6803404954131732551.jar C:\Users\MI\AppData\Local\Temp\surefire6161986490189656257 2020-07-30T15-32-53_202-jvmRun1 surefire8397622922332256919tmp surefire_04444812811555746574tmp"/>
    <property name="surefire.test.class.path" value="D:\code\myzone\myzone\swagger-demo\target\test-classes;D:\code\myzone\myzone\swagger-demo\target\classes;D:\ev\apache-maven-3.6.1\repository\mysql\mysql-connector-java\8.0.20\mysql-connector-java-8.0.20.jar;D:\ev\apache-maven-3.6.1\repository\com\baomidou\mybatis-plus-boot-starter\3.3.1\mybatis-plus-boot-starter-3.3.1.jar;D:\ev\apache-maven-3.6.1\repository\com\baomidou\mybatis-plus\3.3.1\mybatis-plus-3.3.1.jar;D:\ev\apache-maven-3.6.1\repository\org\springframework\boot\spring-boot-autoconfigure\2.1.8.RELEASE\spring-boot-autoconfigure-2.1.8.RELEASE.jar;D:\ev\apache-maven-3.6.1\repository\org\springframework\boot\spring-boot\2.1.8.RELEASE\spring-boot-2.1.8.RELEASE.jar;D:\ev\apache-maven-3.6.1\repository\org\springframework\boot\spring-boot-starter-jdbc\2.1.8.RELEASE\spring-boot-starter-jdbc-2.1.8.RELEASE.jar;D:\ev\apache-maven-3.6.1\repository\com\zaxxer\HikariCP\3.2.0\HikariCP-3.2.0.jar;D:\ev\apache-maven-3.6.1\repository\org\springframework\spring-jdbc\5.1.9.RELEASE\spring-jdbc-5.1.9.RELEASE.jar;D:\ev\apache-maven-3.6.1\repository\org\springframework\spring-tx\5.1.9.RELEASE\spring-tx-5.1.9.RELEASE.jar;D:\ev\apache-maven-3.6.1\repository\com\baomidou\mybatis-plus-generator\3.3.1\mybatis-plus-generator-3.3.1.jar;D:\ev\apache-maven-3.6.1\repository\com\baomidou\mybatis-plus-extension\3.3.1\mybatis-plus-extension-3.3.1.jar;D:\ev\apache-maven-3.6.1\repository\com\baomidou\mybatis-plus-core\3.3.1\mybatis-plus-core-3.3.1.jar;D:\ev\apache-maven-3.6.1\repository\com\baomidou\mybatis-plus-annotation\3.3.1\mybatis-plus-annotation-3.3.1.jar;D:\ev\apache-maven-3.6.1\repository\com\github\jsqlparser\jsqlparser\3.1\jsqlparser-3.1.jar;D:\ev\apache-maven-3.6.1\repository\org\mybatis\mybatis\3.5.3\mybatis-3.5.3.jar;D:\ev\apache-maven-3.6.1\repository\org\mybatis\mybatis-spring\2.0.3\mybatis-spring-2.0.3.jar;D:\ev\apache-maven-3.6.1\repository\org\projectlombok\lombok\1.18.8\lombok-1.18.8.jar;D:\ev\apache-maven-3.6.1\repository\org\springframework\boot\spring-boot-starter-test\2.1.8.RELEASE\spring-boot-starter-test-2.1.8.RELEASE.jar;D:\ev\apache-maven-3.6.1\repository\org\springframework\boot\spring-boot-starter\2.1.8.RELEASE\spring-boot-starter-2.1.8.RELEASE.jar;D:\ev\apache-maven-3.6.1\repository\org\springframework\boot\spring-boot-starter-logging\2.1.8.RELEASE\spring-boot-starter-logging-2.1.8.RELEASE.jar;D:\ev\apache-maven-3.6.1\repository\ch\qos\logback\logback-classic\1.2.3\logback-classic-1.2.3.jar;D:\ev\apache-maven-3.6.1\repository\ch\qos\logback\logback-core\1.2.3\logback-core-1.2.3.jar;D:\ev\apache-maven-3.6.1\repository\org\apache\logging\log4j\log4j-to-slf4j\2.11.2\log4j-to-slf4j-2.11.2.jar;D:\ev\apache-maven-3.6.1\repository\org\apache\logging\log4j\log4j-api\2.11.2\log4j-api-2.11.2.jar;D:\ev\apache-maven-3.6.1\repository\org\slf4j\jul-to-slf4j\1.7.28\jul-to-slf4j-1.7.28.jar;D:\ev\apache-maven-3.6.1\repository\javax\annotation\javax.annotation-api\1.3.2\javax.annotation-api-1.3.2.jar;D:\ev\apache-maven-3.6.1\repository\org\yaml\snakeyaml\1.23\snakeyaml-1.23.jar;D:\ev\apache-maven-3.6.1\repository\org\springframework\boot\spring-boot-test\2.1.8.RELEASE\spring-boot-test-2.1.8.RELEASE.jar;D:\ev\apache-maven-3.6.1\repository\org\springframework\boot\spring-boot-test-autoconfigure\2.1.8.RELEASE\spring-boot-test-autoconfigure-2.1.8.RELEASE.jar;D:\ev\apache-maven-3.6.1\repository\com\jayway\jsonpath\json-path\2.4.0\json-path-2.4.0.jar;D:\ev\apache-maven-3.6.1\repository\net\minidev\json-smart\2.3\json-smart-2.3.jar;D:\ev\apache-maven-3.6.1\repository\net\minidev\accessors-smart\1.2\accessors-smart-1.2.jar;D:\ev\apache-maven-3.6.1\repository\org\ow2\asm\asm\5.0.4\asm-5.0.4.jar;D:\ev\apache-maven-3.6.1\repository\junit\junit\4.12\junit-4.12.jar;D:\ev\apache-maven-3.6.1\repository\org\assertj\assertj-core\3.11.1\assertj-core-3.11.1.jar;D:\ev\apache-maven-3.6.1\repository\org\mockito\mockito-core\2.23.4\mockito-core-2.23.4.jar;D:\ev\apache-maven-3.6.1\repository\net\bytebuddy\byte-buddy\1.9.16\byte-buddy-1.9.16.jar;D:\ev\apache-maven-3.6.1\repository\net\bytebuddy\byte-buddy-agent\1.9.16\byte-buddy-agent-1.9.16.jar;D:\ev\apache-maven-3.6.1\repository\org\objenesis\objenesis\2.6\objenesis-2.6.jar;D:\ev\apache-maven-3.6.1\repository\org\hamcrest\hamcrest-core\1.3\hamcrest-core-1.3.jar;D:\ev\apache-maven-3.6.1\repository\org\hamcrest\hamcrest-library\1.3\hamcrest-library-1.3.jar;D:\ev\apache-maven-3.6.1\repository\org\skyscreamer\jsonassert\1.5.0\jsonassert-1.5.0.jar;D:\ev\apache-maven-3.6.1\repository\com\vaadin\external\google\android-json\0.0.20131108.vaadin1\android-json-0.0.20131108.vaadin1.jar;D:\ev\apache-maven-3.6.1\repository\org\springframework\spring-core\5.1.9.RELEASE\spring-core-5.1.9.RELEASE.jar;D:\ev\apache-maven-3.6.1\repository\org\springframework\spring-jcl\5.1.9.RELEASE\spring-jcl-5.1.9.RELEASE.jar;D:\ev\apache-maven-3.6.1\repository\org\springframework\spring-test\5.1.9.RELEASE\spring-test-5.1.9.RELEASE.jar;D:\ev\apache-maven-3.6.1\repository\org\xmlunit\xmlunit-core\2.6.3\xmlunit-core-2.6.3.jar;D:\ev\apache-maven-3.6.1\repository\org\springframework\boot\spring-boot-starter-web\2.1.8.RELEASE\spring-boot-starter-web-2.1.8.RELEASE.jar;D:\ev\apache-maven-3.6.1\repository\org\springframework\boot\spring-boot-starter-json\2.1.8.RELEASE\spring-boot-starter-json-2.1.8.RELEASE.jar;D:\ev\apache-maven-3.6.1\repository\com\fasterxml\jackson\core\jackson-databind\2.9.9.3\jackson-databind-2.9.9.3.jar;D:\ev\apache-maven-3.6.1\repository\com\fasterxml\jackson\core\jackson-core\2.9.9\jackson-core-2.9.9.jar;D:\ev\apache-maven-3.6.1\repository\com\fasterxml\jackson\datatype\jackson-datatype-jdk8\2.9.9\jackson-datatype-jdk8-2.9.9.jar;D:\ev\apache-maven-3.6.1\repository\com\fasterxml\jackson\datatype\jackson-datatype-jsr310\2.9.9\jackson-datatype-jsr310-2.9.9.jar;D:\ev\apache-maven-3.6.1\repository\com\fasterxml\jackson\module\jackson-module-parameter-names\2.9.9\jackson-module-parameter-names-2.9.9.jar;D:\ev\apache-maven-3.6.1\repository\org\springframework\boot\spring-boot-starter-tomcat\2.1.8.RELEASE\spring-boot-starter-tomcat-2.1.8.RELEASE.jar;D:\ev\apache-maven-3.6.1\repository\org\apache\tomcat\embed\tomcat-embed-core\9.0.24\tomcat-embed-core-9.0.24.jar;D:\ev\apache-maven-3.6.1\repository\org\apache\tomcat\embed\tomcat-embed-el\9.0.24\tomcat-embed-el-9.0.24.jar;D:\ev\apache-maven-3.6.1\repository\org\apache\tomcat\embed\tomcat-embed-websocket\9.0.24\tomcat-embed-websocket-9.0.24.jar;D:\ev\apache-maven-3.6.1\repository\org\hibernate\validator\hibernate-validator\6.0.17.Final\hibernate-validator-6.0.17.Final.jar;D:\ev\apache-maven-3.6.1\repository\javax\validation\validation-api\2.0.1.Final\validation-api-2.0.1.Final.jar;D:\ev\apache-maven-3.6.1\repository\org\jboss\logging\jboss-logging\3.3.3.Final\jboss-logging-3.3.3.Final.jar;D:\ev\apache-maven-3.6.1\repository\org\springframework\spring-web\5.1.9.RELEASE\spring-web-5.1.9.RELEASE.jar;D:\ev\apache-maven-3.6.1\repository\org\springframework\spring-beans\5.1.9.RELEASE\spring-beans-5.1.9.RELEASE.jar;D:\ev\apache-maven-3.6.1\repository\org\springframework\spring-webmvc\5.1.9.RELEASE\spring-webmvc-5.1.9.RELEASE.jar;D:\ev\apache-maven-3.6.1\repository\org\springframework\spring-aop\5.1.9.RELEASE\spring-aop-5.1.9.RELEASE.jar;D:\ev\apache-maven-3.6.1\repository\org\springframework\spring-context\5.1.9.RELEASE\spring-context-5.1.9.RELEASE.jar;D:\ev\apache-maven-3.6.1\repository\org\springframework\spring-expression\5.1.9.RELEASE\spring-expression-5.1.9.RELEASE.jar;D:\ev\apache-maven-3.6.1\repository\io\springfox\springfox-swagger2\2.7.0\springfox-swagger2-2.7.0.jar;D:\ev\apache-maven-3.6.1\repository\io\swagger\swagger-annotations\1.5.13\swagger-annotations-1.5.13.jar;D:\ev\apache-maven-3.6.1\repository\io\swagger\swagger-models\1.5.13\swagger-models-1.5.13.jar;D:\ev\apache-maven-3.6.1\repository\com\fasterxml\jackson\core\jackson-annotations\2.9.0\jackson-annotations-2.9.0.jar;D:\ev\apache-maven-3.6.1\repository\io\springfox\springfox-spi\2.7.0\springfox-spi-2.7.0.jar;D:\ev\apache-maven-3.6.1\repository\io\springfox\springfox-core\2.7.0\springfox-core-2.7.0.jar;D:\ev\apache-maven-3.6.1\repository\io\springfox\springfox-schema\2.7.0\springfox-schema-2.7.0.jar;D:\ev\apache-maven-3.6.1\repository\io\springfox\springfox-swagger-common\2.7.0\springfox-swagger-common-2.7.0.jar;D:\ev\apache-maven-3.6.1\repository\io\springfox\springfox-spring-web\2.7.0\springfox-spring-web-2.7.0.jar;D:\ev\apache-maven-3.6.1\repository\org\reflections\reflections\0.9.11\reflections-0.9.11.jar;D:\ev\apache-maven-3.6.1\repository\org\javassist\javassist\3.21.0-GA\javassist-3.21.0-GA.jar;D:\ev\apache-maven-3.6.1\repository\com\google\guava\guava\18.0\guava-18.0.jar;D:\ev\apache-maven-3.6.1\repository\com\fasterxml\classmate\1.4.0\classmate-1.4.0.jar;D:\ev\apache-maven-3.6.1\repository\org\slf4j\slf4j-api\1.7.28\slf4j-api-1.7.28.jar;D:\ev\apache-maven-3.6.1\repository\org\springframework\plugin\spring-plugin-core\1.2.0.RELEASE\spring-plugin-core-1.2.0.RELEASE.jar;D:\ev\apache-maven-3.6.1\repository\org\springframework\plugin\spring-plugin-metadata\1.2.0.RELEASE\spring-plugin-metadata-1.2.0.RELEASE.jar;D:\ev\apache-maven-3.6.1\repository\org\mapstruct\mapstruct\1.1.0.Final\mapstruct-1.1.0.Final.jar;D:\ev\apache-maven-3.6.1\repository\io\springfox\springfox-swagger-ui\2.7.0\springfox-swagger-ui-2.7.0.jar;D:\ev\apache-maven-3.6.1\repository\org\freemarker\freemarker\2.3.28\freemarker-2.3.28.jar;D:\ev\apache-maven-3.6.1\repository\jakarta\validation\jakarta.validation-api\2.0.2\jakarta.validation-api-2.0.2.jar;D:\ev\apache-maven-3.6.1\repository\io\github\swagger2markup\swagger2markup\1.3.1\swagger2markup-1.3.1.jar;D:\ev\apache-maven-3.6.1\repository\io\github\swagger2markup\markup-document-builder\1.1.1\markup-document-builder-1.1.1.jar;D:\ev\apache-maven-3.6.1\repository\org\apache\commons\commons-lang3\3.8.1\commons-lang3-3.8.1.jar;D:\ev\apache-maven-3.6.1\repository\commons-io\commons-io\2.4\commons-io-2.4.jar;D:\ev\apache-maven-3.6.1\repository\commons-codec\commons-codec\1.11\commons-codec-1.11.jar;D:\ev\apache-maven-3.6.1\repository\nl\jworks\markdown_to_asciidoc\markdown_to_asciidoc\1.0\markdown_to_asciidoc-1.0.jar;D:\ev\apache-maven-3.6.1\repository\org\pegdown\pegdown\1.4.2\pegdown-1.4.2.jar;D:\ev\apache-maven-3.6.1\repository\org\parboiled\parboiled-java\1.1.6\parboiled-java-1.1.6.jar;D:\ev\apache-maven-3.6.1\repository\org\parboiled\parboiled-core\1.1.6\parboiled-core-1.1.6.jar;D:\ev\apache-maven-3.6.1\repository\org\ow2\asm\asm-tree\4.1\asm-tree-4.1.jar;D:\ev\apache-maven-3.6.1\repository\org\ow2\asm\asm-analysis\4.1\asm-analysis-4.1.jar;D:\ev\apache-maven-3.6.1\repository\org\ow2\asm\asm-util\4.1\asm-util-4.1.jar;D:\ev\apache-maven-3.6.1\repository\org\jsoup\jsoup\1.8.1\jsoup-1.8.1.jar;D:\ev\apache-maven-3.6.1\repository\io\swagger\swagger-compat-spec-parser\1.0.25\swagger-compat-spec-parser-1.0.25.jar;D:\ev\apache-maven-3.6.1\repository\io\swagger\swagger-core\1.5.12\swagger-core-1.5.12.jar;D:\ev\apache-maven-3.6.1\repository\com\fasterxml\jackson\dataformat\jackson-dataformat-yaml\2.9.9\jackson-dataformat-yaml-2.9.9.jar;D:\ev\apache-maven-3.6.1\repository\io\swagger\swagger-parser\1.0.25\swagger-parser-1.0.25.jar;D:\ev\apache-maven-3.6.1\repository\org\slf4j\slf4j-ext\1.7.28\slf4j-ext-1.7.28.jar;D:\ev\apache-maven-3.6.1\repository\com\github\fge\json-schema-validator\2.2.3\json-schema-validator-2.2.3.jar;D:\ev\apache-maven-3.6.1\repository\joda-time\joda-time\2.10.3\joda-time-2.10.3.jar;D:\ev\apache-maven-3.6.1\repository\com\github\fge\json-schema-core\1.2.1\json-schema-core-1.2.1.jar;D:\ev\apache-maven-3.6.1\repository\com\github\fge\uri-template\0.9\uri-template-0.9.jar;D:\ev\apache-maven-3.6.1\repository\org\mozilla\rhino\1.7R4\rhino-1.7R4.jar;D:\ev\apache-maven-3.6.1\repository\com\googlecode\libphonenumber\libphonenumber\6.0\libphonenumber-6.0.jar;D:\ev\apache-maven-3.6.1\repository\javax\mail\mailapi\1.4.3\mailapi-1.4.3.jar;D:\ev\apache-maven-3.6.1\repository\javax\activation\activation\1.1\activation-1.1.jar;D:\ev\apache-maven-3.6.1\repository\com\google\code\findbugs\jsr305\2.0.1\jsr305-2.0.1.jar;D:\ev\apache-maven-3.6.1\repository\net\sf\jopt-simple\jopt-simple\4.6\jopt-simple-4.6.jar;D:\ev\apache-maven-3.6.1\repository\com\github\fge\json-patch\1.6\json-patch-1.6.jar;D:\ev\apache-maven-3.6.1\repository\com\github\fge\jackson-coreutils\1.6\jackson-coreutils-1.6.jar;D:\ev\apache-maven-3.6.1\repository\com\github\fge\msg-simple\1.1\msg-simple-1.1.jar;D:\ev\apache-maven-3.6.1\repository\com\github\fge\btf\1.2\btf-1.2.jar;D:\ev\apache-maven-3.6.1\repository\org\apache\httpcomponents\httpclient\4.5.9\httpclient-4.5.9.jar;D:\ev\apache-maven-3.6.1\repository\org\apache\httpcomponents\httpcore\4.4.12\httpcore-4.4.12.jar;D:\ev\apache-maven-3.6.1\repository\org\apache\commons\commons-configuration2\2.1\commons-configuration2-2.1.jar;D:\ev\apache-maven-3.6.1\repository\commons-logging\commons-logging\1.2\commons-logging-1.2.jar;D:\ev\apache-maven-3.6.1\repository\commons-beanutils\commons-beanutils\1.9.2\commons-beanutils-1.9.2.jar;D:\ev\apache-maven-3.6.1\repository\commons-collections\commons-collections\3.2.1\commons-collections-3.2.1.jar;D:\ev\apache-maven-3.6.1\repository\org\apache\commons\commons-collections4\4.1\commons-collections4-4.1.jar;D:\ev\apache-maven-3.6.1\repository\io\javaslang\javaslang\2.0.5\javaslang-2.0.5.jar;D:\ev\apache-maven-3.6.1\repository\io\javaslang\javaslang-match\2.0.5\javaslang-match-2.0.5.jar;D:\ev\apache-maven-3.6.1\repository\ch\netzwerg\paleo-core\0.10.2\paleo-core-0.10.2.jar;"/>
    <property name="sun.cpu.endian" value="little"/>
    <property name="user.home" value="C:\Users\MI"/>
    <property name="user.language" value="zh"/>
    <property name="java.specification.vendor" value="Oracle Corporation"/>
    <property name="java.home" value="D:\ev\Java\jdk1.8.0_91\jre"/>
    <property name="basedir" value="D:\code\myzone\myzone\swagger-demo"/>
    <property name="file.separator" value="\"/>
    <property name="line.separator" value="&#10;"/>
    <property name="java.vm.specification.vendor" value="Oracle Corporation"/>
    <property name="java.specification.name" value="Java Platform API Specification"/>
    <property name="java.awt.graphicsenv" value="sun.awt.Win32GraphicsEnvironment"/>
    <property name="surefire.real.class.path" value="C:\Users\MI\AppData\Local\Temp\surefire6161986490189656257\surefirebooter6803404954131732551.jar"/>
    <property name="sun.boot.class.path" value="D:\ev\Java\jdk1.8.0_91\jre\lib\resources.jar;D:\ev\Java\jdk1.8.0_91\jre\lib\rt.jar;D:\ev\Java\jdk1.8.0_91\jre\lib\sunrsasign.jar;D:\ev\Java\jdk1.8.0_91\jre\lib\jsse.jar;D:\ev\Java\jdk1.8.0_91\jre\lib\jce.jar;D:\ev\Java\jdk1.8.0_91\jre\lib\charsets.jar;D:\ev\Java\jdk1.8.0_91\jre\lib\jfr.jar;D:\ev\Java\jdk1.8.0_91\jre\classes"/>
    <property name="user.script" value=""/>
    <property name="sun.management.compiler" value="HotSpot 64-Bit Tiered Compilers"/>
    <property name="java.runtime.version" value="1.8.0_91-b15"/>
    <property name="user.name" value="MI"/>
    <property name="path.separator" value=";"/>
    <property name="os.version" value="10.0"/>
    <property name="java.endorsed.dirs" value="D:\ev\Java\jdk1.8.0_91\jre\lib\endorsed"/>
    <property name="java.runtime.name" value="Java(TM) SE Runtime Environment"/>
    <property name="file.encoding" value="GBK"/>
    <property name="java.vm.name" value="Java HotSpot(TM) 64-Bit Server VM"/>
    <property name="localRepository" value="D:\ev\apache-maven-3.6.1\repository"/>
    <property name="java.vendor.url.bug" value="http://bugreport.sun.com/bugreport/"/>
    <property name="java.io.tmpdir" value="C:\Users\MI\AppData\Local\Temp\"/>
    <property name="java.version" value="1.8.0_91"/>
    <property name="user.dir" value="D:\code\myzone\myzone\swagger-demo"/>
    <property name="os.arch" value="amd64"/>
    <property name="java.vm.specification.name" value="Java Virtual Machine Specification"/>
    <property name="java.awt.printerjob" value="sun.awt.windows.WPrinterJob"/>
    <property name="sun.os.patch.level" value=""/>
    <property name="idea.version2019.2" value="true"/>
    <property name="java.library.path" value="D:\ev\Java\jdk1.8.0_91\jre\bin;C:\WINDOWS\Sun\Java\bin;C:\WINDOWS\system32;C:\WINDOWS;D:\Program Files\JetBrains\IntelliJ IDEA 2019.2\jbr\\bin;D:\Program Files\JetBrains\IntelliJ IDEA 2019.2\jbr\\bin\server;D:\Program Files (x86)\NetSarang\Xftp 6\;D:\Program Files (x86)\NetSarang\Xshell 6\;C:\ProgramData\Oracle\Java\javapath;C:\Program Files (x86)\Common Files\NetSarang;D:\Program Files\VanDyke Software\Clients\;C:\Program Files (x86)\Intel\Intel(R) Management Engine Components\iCLS\;C:\Program Files\Intel\Intel(R) Management Engine Components\iCLS\;C:\Windows\system32;C:\Windows;C:\Windows\System32\Wbem;C:\Windows\System32\WindowsPowerShell\v1.0\;C:\Program Files (x86)\Intel\Intel(R) Management Engine Components\DAL;C:\Program Files\Intel\Intel(R) Management Engine Components\DAL;C:\Program Files (x86)\Intel\Intel(R) Management Engine Components\IPT;C:\Program Files\Intel\Intel(R) Management Engine Components\IPT;C:\Program Files (x86)\NVIDIA Corporation\PhysX\Common;C:\WINDOWS\system32;C:\WINDOWS;C:\WINDOWS\System32\Wbem;C:\WINDOWS\System32\WindowsPowerShell\v1.0\;C:\WINDOWS\System32\OpenSSH\;D:\Program Files\TortoiseSVN\bin;D:\ev\Java\jdk1.8.0_91\bin;D:\ev\apache-maven-3.6.1\bin;D:\ev\Java\jdk1.8.0_91\jre\lib\rt.jar;D:\Program Files\nodejs\;D:\Program Files\OpenVPN\bin;D:\ev\MinGW\bin;D:\ev\MinGW\msys\1.0\bin;D:\ev\php-7.3.10-Win32-VC15-x64\ext;D:\ev\php-7.3.10-Win32-VC15-x64;D:\Go\bin;D:\Program Files\Git\cmd;D:\ev\apache-jmeter-5.1.1\lib\ext\ApacheJMeter_core.jar;D:\ev\apache-jmeter-5.1.1\lib\jorphan.jar;C:\Program Files (x86)\Google\Chrome\Application;D:\Anaconda3;D:\Anaconda3;D:\Anaconda3\Library\mingw-w64\bin;D:\Anaconda3\Library\usr\bin;D:\Anaconda3\Library\bin;D:\Anaconda3\Scripts;C:\Users\MI\AppData\Local\Microsoft\WindowsApps;C:\Users\MI\AppData\Roaming\npm;C:\Users\MI\go\bin;D:\Program Files\JetBrains\GoLand 2019.2.3\bin;;D:\Program Files\JetBrains\PyCharm 2019.3\bin;;C:\Users\MI\AppData\Local\Programs\Fiddler;."/>
    <property name="java.vm.info" value="mixed mode"/>
    <property name="java.vendor" value="Oracle Corporation"/>
    <property name="java.vm.version" value="25.91-b15"/>
    <property name="java.ext.dirs" value="D:\ev\Java\jdk1.8.0_91\jre\lib\ext;C:\WINDOWS\Sun\Java\lib\ext"/>
    <property name="sun.io.unicode.encoding" value="UnicodeLittle"/>
    <property name="maven.repo.local" value="D:\ev\apache-maven-3.6.1\repository"/>
    <property name="java.class.version" value="52.0"/>
  </properties>
  <testcase name="initializationError" classname="com.xxkj.swaggerdemo.SwaggerDemoApplicationTests" time="0.001">
    <error message="The class com.xxkj.swaggerdemo.SwaggerDemoApplicationTests is not public." type="java.lang.Exception">java.lang.Exception: The class com.xxkj.swaggerdemo.SwaggerDemoApplicationTests is not public.
</error>
  </testcase>
  <testcase name="initializationError" classname="com.xxkj.swaggerdemo.SwaggerDemoApplicationTests" time="0">
    <error message="Test class should have exactly one public constructor" type="java.lang.Exception">java.lang.Exception: Test class should have exactly one public constructor
</error>
  </testcase>
  <testcase name="initializationError" classname="com.xxkj.swaggerdemo.SwaggerDemoApplicationTests" time="0">
    <error message="Method contextLoads() should be public" type="java.lang.Exception">java.lang.Exception: Method contextLoads() should be public
</error>
  </testcase>
</testsuite>